make all --print-data-base --no-builtin-variables --no-builtin-rules --question
make: *** No rule to make target 'all'.  Stop.

# GNU Make 4.1
# Built for x86_64-pc-linux-gnu
# Copyright (C) 1988-2014 Free Software Foundation, Inc.
# License GPLv3+: GNU GPL version 3 or later <http://gnu.org/licenses/gpl.html>
# This is free software: you are free to change and redistribute it.
# There is NO WARRANTY, to the extent permitted by law.

# Make data base, printed on Sun Jun 19 21:50:47 2022

# Variables

# 'override' directive
GNUMAKEFLAGS := 
# automatic
<D = $(patsubst %/,%,$(dir $<))
# automatic
?F = $(notdir $?)
# environment
DESKTOP_SESSION = ubuntu
# default
.SHELLFLAGS := -c
# environment
SNAP_COMMON = /var/snap/code/common
# environment
XDG_SESSION_TYPE = x11
# environment
VSCODE_LOG_NATIVE = false
# automatic
?D = $(patsubst %/,%,$(dir $?))
# environment
IM_CONFIG_PHASE = 2
# automatic
@D = $(patsubst %/,%,$(dir $@))
# environment
XAUTHORITY = /run/user/1000/gdm/Xauthority
# environment
GDMSESSION = ubuntu
# environment
XMODIFIERS = @im=ibus
# makefile
CURDIR := /home/ahmet/OS/1801042674
# makefile
SHELL = /bin/sh
# environment
SNAP_DATA = /var/snap/code/99
# environment
VSCODE_NLS_CONFIG = {"locale":"en-us","availableLanguages":{},"_languagePackSupport":true}
# environment
_ = /snap/code/99/usr/share/code/code
# makefile (from 'makefile', line 9)
objects = obj/loader.o obj/gdt.o obj/memorymanagement.o obj/drivers/driver.o obj/hardwarecommunication/port.o obj/hardwarecommunication/interruptstubs.o obj/hardwarecommunication/interrupts.o obj/multitasking.o obj/hardwarecommunication/pci.o obj/drivers/keyboard.o obj/drivers/mouse.o obj/drivers/vga.o obj/gui/widget.o obj/gui/window.o obj/gui/desktop.o obj/kernel.o
# environment
XDG_CONFIG_DIRS = /etc/xdg/xdg-ubuntu:/etc/xdg
# environment
SNAP_INSTANCE_NAME = code
# environment
SNAP_ARCH = amd64
# makefile (from 'makefile', line 1)
MAKEFILE_LIST :=  makefile
# automatic
@F = $(notdir $@)
# environment
GIO_LAUNCHED_DESKTOP_FILE = /var/lib/snapd/desktop/applications/code_code.desktop
# environment
USERNAME = ahmet
# environment
MAKELEVEL := 0
# environment
XDG_DATA_DIRS = /usr/share/ubuntu:/usr/local/share/:/usr/share/:/var/lib/snapd/desktop
# environment
ROS_ETC_DIR = /opt/ros/melodic/etc/ros
# environment
DBUS_SESSION_BUS_ADDRESS = unix:path=/run/user/1000/bus
# environment
VSCODE_VERBOSE_LOGGING = true
# environment
ROS_PACKAGE_PATH = /home/ahmet/catkin_ws/src/ar_track_alvar/ar_track_alvar_msgs:/home/ahmet/catkin_ws/src/ar_track_alvar/ar_track_alvar:/home/ahmet/catkin_ws/src/navigation/fake_localization:/home/ahmet/catkin_ws/src/follow_waypoints:/home/ahmet/catkin_ws/src/imu_tools/imu_complementary_filter:/home/ahmet/catkin_ws/src/imu_tools/imu_tools:/home/ahmet/catkin_ws/src/leo_erc_common/leo_erc_description:/home/ahmet/catkin_ws/src/leo_erc_desktop/leo_erc_gazebo:/home/ahmet/catkin_ws/src/leo_erc_desktop/leo_erc_gazebo_worlds:/home/ahmet/catkin_ws/src/leo_erc_common/leo_erc_teleop:/home/ahmet/catkin_ws/src/leo_erc_desktop/leo_erc_viz:/home/ahmet/catkin_ws/src/navigation/map_server:/home/ahmet/catkin_ws/src/navigation/amcl:/home/ahmet/catkin_ws/src/navigation/navigation:/home/ahmet/catkin_ws/src/nodelet_core/nodelet:/home/ahmet/catkin_ws/src/imu_tools/imu_filter_madgwick:/home/ahmet/catkin_ws/src/nodelet_core/nodelet_core:/home/ahmet/catkin_ws/src/nodelet_core/nodelet_topic_tools:/home/ahmet/catkin_ws/src/robot_localization:/home/ahmet/catkin_ws/src/imu_tools/rviz_imu_plugin:/home/ahmet/catkin_ws/src/nodelet_core/test_nodelet:/home/ahmet/catkin_ws/src/nodelet_core/test_nodelet_topic_tools:/home/ahmet/catkin_ws/src/navigation/voxel_grid:/home/ahmet/catkin_ws/src/navigation/costmap_2d:/home/ahmet/catkin_ws/src/navigation/nav_core:/home/ahmet/catkin_ws/src/navigation/base_local_planner:/home/ahmet/catkin_ws/src/navigation/carrot_planner:/home/ahmet/catkin_ws/src/navigation/clear_costmap_recovery:/home/ahmet/catkin_ws/src/navigation/dwa_local_planner:/home/ahmet/catkin_ws/src/navigation/move_slow_and_clear:/home/ahmet/catkin_ws/src/navigation/navfn:/home/ahmet/catkin_ws/src/navigation/global_planner:/home/ahmet/catkin_ws/src/navigation/rotate_recovery:/home/ahmet/catkin_ws/src/navigation/move_base:/opt/ros/melodic/share
# environment
ROS_PYTHON_VERSION = 2
# environment
LESSOPEN = | /usr/bin/lesspipe %s
# environment
LC_NAME = tr_TR.UTF-8
# environment
VSCODE_CWD = /home/ahmet
# environment
GSETTINGS_SCHEMA_DIR = /snap/code/99/usr/share/glib-2.0/schemas
# default
MAKE_HOST := x86_64-pc-linux-gnu
# environment
PATH = /opt/ros/melodic/bin:/usr/local/sbin:/usr/local/bin:/usr/sbin:/usr/bin:/sbin:/bin:/usr/games:/usr/local/games:/snap/bin
# environment
XDG_SESSION_DESKTOP = ubuntu
# environment
CLUTTER_IM_MODULE = xim
# environment
GPG_AGENT_INFO = /run/user/1000/gnupg/S.gpg-agent:0:1
# environment
SESSION_MANAGER = local/ahmet-Lenovo-V15-IIL:@/tmp/.ICE-unix/1894,unix/ahmet-Lenovo-V15-IIL:/tmp/.ICE-unix/1894
# environment
XDG_RUNTIME_DIR = /run/user/1000
# environment
GDK_PIXBUF_MODULE_FILE = /home/ahmet/snap/code/common/.cache/gdk-pixbuf-loaders.cache
# environment
TEXTDOMAIN = im-config
# environment
SNAP = /snap/code/99
# environment
ROS_ROOT = /opt/ros/melodic/share/ros
# environment
SNAP_VERSION = 30d9c6cd
# environment
XDG_MENU_PREFIX = gnome-
# environment
VSCODE_LOG_STACK = false
# environment
DISABLE_WAYLAND = 1
# environment
ELECTRON_RUN_AS_NODE = 1
# environment
GDK_PIXBUF_MODULEDIR = /snap/code/99/usr/lib/x86_64-linux-gnu/gdk-pixbuf-2.0/2.10.0/loaders
# default
.FEATURES := target-specific order-only second-expansion else-if shortest-stem undefine oneshell archives jobserver output-sync check-symlink load
# environment
CMAKE_PREFIX_PATH = /home/ahmet/catkin_ws/devel:/opt/ros/melodic
# environment
LS_COLORS = 
# environment
ROS_DISTRO = melodic
# environment
SSH_AUTH_SOCK = /run/user/1000/keyring/ssh
# environment
GIO_LAUNCHED_DESKTOP_FILE_PID = 9757
# automatic
%F = $(notdir $%)
# environment
DISPLAY = :0
# makefile (from 'makefile', line 5)
GCCPARAMS = -m32 -Iinclude -fno-use-cxa-atexit -nostdlib -fno-builtin -fno-rtti -fno-exceptions -fno-leading-underscore -Wno-write-strings
# environment
GTK_IM_MODULE = ibus
# environment
VSCODE_PIPE_LOGGING = true
# environment
SNAP_INSTANCE_KEY = 
# environment
PWD = /home/ahmet/OS/1801042674
# environment
XDG_SEAT = seat0
# environment
SSH_AGENT_PID = 1989
# environment
PKG_CONFIG_PATH = /home/ahmet/catkin_ws/devel/lib/pkgconfig:/opt/ros/melodic/lib/pkgconfig
# environment
ORIGINAL_XDG_CURRENT_DESKTOP = ubuntu:GNOME
# environment
GTK_MODULES = gail:atk-bridge
# environment
VSCODE_AMD_ENTRYPOINT = vs/workbench/api/node/extensionHostProcess
# environment
HOME = /home/ahmet
# environment
LD_LIBRARY_PATH = /home/ahmet/catkin_ws/devel/lib:/opt/ros/melodic/lib
# environment
LESSCLOSE = /usr/bin/lesspipe %s %s
# environment
VSCODE_CLI = 1
# environment
VSCODE_CODE_CACHE_PATH = /home/ahmet/.config/Code/CachedData/30d9c6cd9483b2cc586687151bcbcd635f373630
# environment
LOGNAME = ahmet
# environment
APPLICATION_INSIGHTS_NO_DIAGNOSTIC_CHANNEL = 1
# makefile (from 'makefile', line 7)
LDPARAMS = -melf_i386
# environment
SNAP_LIBRARY_PATH = /var/lib/snapd/lib/gl:/var/lib/snapd/lib/gl32:/var/lib/snapd/void
# environment
SNAP_CONTEXT = Y5xFtPXX764_LOPhRlaGAccD0Rr92LilDG8StBSIol_xY0O9h_Qd
# automatic
+F = $(notdir $+)
# environment
ELECTRON_NO_ATTACH_CONSOLE = 1
# environment
SNAP_USER_COMMON = /home/ahmet/snap/code/common
# environment
VSCODE_HANDLES_UNCAUGHT_ERRORS = true
# default
MAKE_VERSION := 4.1
# environment
GNOME_DESKTOP_SESSION_ID = this-is-deprecated
# automatic
^D = $(patsubst %/,%,$(dir $^))
# environment
XDG_VTNR = 2
# environment
LC_TIME = tr_TR.UTF-8
# environment
SNAP_REAL_HOME = /home/ahmet
# default
MAKE = $(MAKE_COMMAND)
# default
MAKECMDGOALS := all
# environment
QT_IM_MODULE = ibus
# environment
SNAP_USER_DATA = /home/ahmet/snap/code/99
# environment
SHLVL = 1
# makefile (from 'makefile', line 6)
ASPARAMS = --32
# environment
GNOME_SHELL_SESSION_MODE = ubuntu
# environment
VSCODE_IPC_HOOK_EXTHOST = /run/user/1000/vscode-ipc-9b30d46b-ab76-4ad2-ace9-6eebb3c4f9a9.sock
# environment
XDG_SESSION_ID = 2
# environment
USER = ahmet
# environment
SNAP_REVISION = 99
# environment
LC_MONETARY = tr_TR.UTF-8
# makefile
.DEFAULT_GOAL := run
# environment
XDG_CURRENT_DESKTOP = Unity
# environment
ROSLISP_PACKAGE_DIRECTORIES = /home/ahmet/catkin_ws/devel/share/common-lisp
# automatic
%D = $(patsubst %/,%,$(dir $%))
# environment
LC_TELEPHONE = tr_TR.UTF-8
# default
MAKE_COMMAND := make
# default
.VARIABLES := 
# automatic
*F = $(notdir $*)
# environment
VSCODE_IPC_HOOK = /run/user/1000/vscode-e9da4bda-1.68.1-main.sock
# environment
BAMF_DESKTOP_FILE_HINT = /var/lib/snapd/desktop/applications/code_code.desktop
# environment
PYTHONPATH = /home/ahmet/catkin_ws/devel/lib/python2.7/dist-packages:/opt/ros/melodic/lib/python2.7/dist-packages
# makefile
MAKEFLAGS = pqrR
# environment
MFLAGS = -pqrR
# automatic
*D = $(patsubst %/,%,$(dir $*))
# environment
ROS_VERSION = 1
# automatic
+D = $(patsubst %/,%,$(dir $+))
# environment
GDK_BACKEND = x11
# environment
LC_PAPER = tr_TR.UTF-8
# environment
LC_IDENTIFICATION = tr_TR.UTF-8
# environment
QT_ACCESSIBILITY = 1
# environment
TEXTDOMAINDIR = /usr/share/locale/
# default
MAKEFILES := 
# environment
SNAP_COOKIE = Y5xFtPXX764_LOPhRlaGAccD0Rr92LilDG8StBSIol_xY0O9h_Qd
# environment
LC_NUMERIC = tr_TR.UTF-8
# automatic
<F = $(notdir $<)
# environment
LC_MEASUREMENT = tr_TR.UTF-8
# environment
ROS_MASTER_URI = http://localhost:11311
# environment
SNAP_NAME = code
# environment
LC_ALL = C
# environment
QT4_IM_MODULE = xim
# environment
GJS_DEBUG_TOPICS = JS ERROR;JS LOG
# automatic
^F = $(notdir $^)
# default
SUFFIXES := 
# environment
SNAP_REEXEC = 
 
# environment
CHROME_DESKTOP = code-url-handler.desktop
# environment
WINDOWPATH = 2
# default
.INCLUDE_DIRS = /usr/include /usr/local/include /usr/include
# environment
GJS_DEBUG_OUTPUT = stderr
# default
.RECIPEPREFIX := 
# environment
LC_ADDRESS = tr_TR.UTF-8
# environment
LANG = C
# environment
VSCODE_PID = 9807
# variable set hash-table stats:
# Load=148/1024=14%, Rehash=0, Collisions=29/174=17%

# Pattern-specific Variable Values

# No pattern-specific variable values.

# Directories

# . (device 66309, inode 279244): 13 files, no impossibilities.
# src (device 66309, inode 279298): No files, no impossibilities so far.

# 13 files, no impossibilities in 2 directories.

# Implicit Rules

obj/%.o: src/%.cpp
#  recipe to execute (from 'makefile', line 32):
	mkdir -p $(@D)
	gcc $(GCCPARAMS) -c -o $@ $<

obj/%.o: src/%.s
#  recipe to execute (from 'makefile', line 36):
	mkdir -p $(@D)
	as $(ASPARAMS) -o $@ $<

# 2 implicit rules, 0 (0.0%) terminal.

# Files

# Not a target:
obj/hardwarecommunication/interrupts.o:
#  Implicit rule search has not been done.
#  Modification time never checked.
#  File has not been updated.

# Not a target:
obj/drivers/vga.o:
#  Implicit rule search has not been done.
#  Modification time never checked.
#  File has not been updated.

# Not a target:
obj/gui/window.o:
#  Implicit rule search has not been done.
#  Modification time never checked.
#  File has not been updated.

# Not a target:
all:
#  Command line target.
#  Implicit rule search has been done.
#  File does not exist.
#  File has not been updated.

.PHONY: clean
#  Implicit rule search has not been done.
#  Modification time never checked.
#  File has not been updated.

# Not a target:
obj/drivers/mouse.o:
#  Implicit rule search has not been done.
#  Modification time never checked.
#  File has not been updated.

# Not a target:
obj/memorymanagement.o:
#  Implicit rule search has not been done.
#  Modification time never checked.
#  File has not been updated.

# Not a target:
obj/hardwarecommunication/port.o:
#  Implicit rule search has not been done.
#  Modification time never checked.
#  File has not been updated.

# Not a target:
makefile:
#  Implicit rule search has been done.
#  Last modified 2022-06-19 00:28:27.308433642
#  File has been updated.
#  Successfully updated.

# Not a target:
obj/gui/widget.o:
#  Implicit rule search has not been done.
#  Modification time never checked.
#  File has not been updated.

# Not a target:
obj/hardwarecommunication/pci.o:
#  Implicit rule search has not been done.
#  Modification time never checked.
#  File has not been updated.

# Not a target:
obj/multitasking.o:
#  Implicit rule search has not been done.
#  Modification time never checked.
#  File has not been updated.

# Not a target:
linker.ld:
#  Implicit rule search has not been done.
#  Modification time never checked.
#  File has not been updated.

# Not a target:
obj/gui/desktop.o:
#  Implicit rule search has not been done.
#  Modification time never checked.
#  File has not been updated.

# Not a target:
obj/gdt.o:
#  Implicit rule search has not been done.
#  Modification time never checked.
#  File has not been updated.

# Not a target:
.DEFAULT:
#  Implicit rule search has not been done.
#  Modification time never checked.
#  File has not been updated.

mykernel.iso: mykernel.bin
#  Implicit rule search has not been done.
#  Modification time never checked.
#  File has not been updated.
#  recipe to execute (from 'makefile', line 43):
	mkdir iso
	mkdir iso/boot
	mkdir iso/boot/grub
	cp mykernel.bin iso/boot/mykernel.bin
	echo 'set timeout=0'                      > iso/boot/grub/grub.cfg
	echo 'set default=0'                     >> iso/boot/grub/grub.cfg
	echo ''                                  >> iso/boot/grub/grub.cfg
	echo 'menuentry "My Operating System" {' >> iso/boot/grub/grub.cfg
	echo '  multiboot /boot/mykernel.bin'    >> iso/boot/grub/grub.cfg
	echo '  boot'                            >> iso/boot/grub/grub.cfg
	echo '}'                                 >> iso/boot/grub/grub.cfg
	grub-mkrescue --output=mykernel.iso iso
	rm -rf iso

run: mykernel.iso
#  Implicit rule search has not been done.
#  Modification time never checked.
#  File has not been updated.
#  recipe to execute (from 'makefile', line 28):
	(killall VirtualBox && sleep 1) || true
	VirtualBox --startvm 'My Operating System3' &

clean:
#  Phony target (prerequisite of .PHONY).
#  Implicit rule search has not been done.
#  File does not exist.
#  File has not been updated.
#  recipe to execute (from 'makefile', line 62):
	rm -rf obj mykernel.bin mykernel.iso

# Not a target:
obj/hardwarecommunication/interruptstubs.o:
#  Implicit rule search has not been done.
#  Modification time never checked.
#  File has not been updated.

# Not a target:
obj/kernel.o:
#  Implicit rule search has not been done.
#  Modification time never checked.
#  File has not been updated.

# Not a target:
obj/loader.o:
#  Implicit rule search has not been done.
#  Modification time never checked.
#  File has not been updated.

# Not a target:
obj/drivers/keyboard.o:
#  Implicit rule search has not been done.
#  Modification time never checked.
 
#  File has not been updated.

mykernel.bin: linker.ld obj/loader.o obj/gdt.o obj/memorymanagement.o obj/drivers/driver.o obj/hardwarecommunication/port.o obj/hardwarecommunication/interruptstubs.o obj/hardwarecommunication/interrupts.o obj/multitasking.o obj/hardwarecommunication/pci.o obj/drivers/keyboard.o obj/drivers/mouse.o obj/drivers/vga.o obj/gui/widget.o obj/gui/window.o obj/gui/desktop.o obj/kernel.o
#  Implicit rule search has not been done.
#  Modification time never checked.
#  File has not been updated.
#  recipe to execute (from 'makefile', line 40):
	ld $(LDPARAMS) -T $< -o $@ $(objects)

# Not a target:
obj/drivers/driver.o:
#  Implicit rule search has not been done.
#  Modification time never checked.
#  File has not been updated.

install: mykernel.bin
#  Implicit rule search has not been done.
#  Modification time never checked.
#  File has not been updated.
#  recipe to execute (from 'makefile', line 58):
	sudo cp $< /boot/mykernel.bin

# files hash-table stats:
# Load=27/1024=3%, Rehash=0, Collisions=1/60=2%
# VPATH Search Paths

# No 'vpath' search paths.

# No general ('VPATH' variable) search path.

# strcache buffers: 1 (0) / strings = 41 / storage = 569 B / avg = 13 B
# current buf: size = 8162 B / used = 569 B / count = 41 / avg = 13 B

# strcache performance: lookups = 60 / hit rate = 31%
# hash-table stats:
# Load=41/8192=1%, Rehash=0, Collisions=1/60=2%
# Finished Make data base on Sun Jun 19 21:50:47 2022

 
